Arguments: 
  D:\nvm\nodejs\node.exe D:\nvm\nodejs\node_modules\yarn\bin\yarn.js add sass

PATH: 
  C:\Program Files\Git\mingw64\bin;C:\Program Files\Git\usr\bin;C:\Users\AAA\bin;C:\WINDOWS\system32;C:\WINDOWS;C:\WINDOWS\System32\Wbem;C:\WINDOWS\System32\WindowsPowerShell\v1.0;C:\WINDOWS\System32\OpenSSH;D:\nvm\nvm;D:\nvm\nodejs;C:\Program Files\Git\cmd;C:\Users\AAA\AppData\Local\Microsoft\WindowsApps;D:\Visual Studio code\Microsoft VS Code\bin;D:\nvm\nvm;D:\nvm\nodejs

Yarn version: 
  1.22.4

Node version: 
  12.16.1

Platform: 
  win32 x64

Trace: 
  Error: EPERM: operation not permitted, unlink 'F:\vite-vue-app\node_modules\esbuild\esbuild.exe'

npm manifest: 
  {
    "name": "vite-vue-app",
    "version": "0.0.0",
    "scripts": {
      "dev": "vite",
      "build": "vite build",
      "serve": "vite preview"
    },
    "dependencies": {
      "element-plus": "^1.1.0-beta.7",
      "element-ui": "^2.15.5",
      "vue": "^3.2.6"
    },
    "devDependencies": {
      "@vitejs/plugin-vue": "^1.6.0",
      "@vue/compiler-sfc": "^3.0.5",
      "vite": "^2.5.1"
    }
  }

yarn manifest: 
  No manifest

Lockfile: 
  # THIS IS AN AUTOGENERATED FILE. DO NOT EDIT THIS FILE DIRECTLY.
  # yarn lockfile v1
  
  
  "@babel/helper-validator-identifier@^7.14.9":
    version "7.14.9"
    resolved "https://registry.nlark.com/@babel/helper-validator-identifier/download/@babel/helper-validator-identifier-7.14.9.tgz?cache=0&sync_timestamp=1627804430461&other_urls=https%3A%2F%2Fregistry.nlark.com%2F%40babel%2Fhelper-validator-identifier%2Fdownload%2F%40babel%2Fhelper-validator-identifier-7.14.9.tgz#6654d171b2024f6d8ee151bf2509699919131d48"
    integrity sha1-ZlTRcbICT22O4VG/JQlpmRkTHUg=
  
  "@babel/parser@^7.15.0":
    version "7.15.3"
    resolved "https://registry.nlark.com/@babel/parser/download/@babel/parser-7.15.3.tgz?cache=0&sync_timestamp=1628666443707&other_urls=https%3A%2F%2Fregistry.nlark.com%2F%40babel%2Fparser%2Fdownload%2F%40babel%2Fparser-7.15.3.tgz#3416d9bea748052cfcb63dbcc27368105b1ed862"
    integrity sha1-NBbZvqdIBSz8tj28wnNoEFse2GI=
  
  "@babel/types@^7.15.0":
    version "7.15.0"
    resolved "https://registry.nlark.com/@babel/types/download/@babel/types-7.15.0.tgz?cache=0&sync_timestamp=1628111608723&other_urls=https%3A%2F%2Fregistry.nlark.com%2F%40babel%2Ftypes%2Fdownload%2F%40babel%2Ftypes-7.15.0.tgz#61af11f2286c4e9c69ca8deb5f4375a73c72dcbd"
    integrity sha1-Ya8R8ihsTpxpyo3rX0N1pzxy3L0=
    dependencies:
      "@babel/helper-validator-identifier" "^7.14.9"
      to-fast-properties "^2.0.0"
  
  "@element-plus/icons@^0.0.11":
    version "0.0.11"
    resolved "https://registry.nlark.com/@element-plus/icons/download/@element-plus/icons-0.0.11.tgz#9b187c002774548b911850d17fa5fc2f9a515f57"
    integrity sha1-mxh8ACd0VIuRGFDRf6X8L5pRX1c=
  
  "@popperjs/core@^2.4.4":
    version "2.9.3"
    resolved "https://registry.nlark.com/@popperjs/core/download/@popperjs/core-2.9.3.tgz?cache=0&sync_timestamp=1628004507787&other_urls=https%3A%2F%2Fregistry.nlark.com%2F%40popperjs%2Fcore%2Fdownload%2F%40popperjs%2Fcore-2.9.3.tgz#8b68da1ebd7fc603999cf6ebee34a4899a14b88e"
    integrity sha1-i2jaHr1/xgOZnPbr7jSkiZoUuI4=
  
  "@types/estree@^0.0.48":
    version "0.0.48"
    resolved "https://registry.nlark.com/@types/estree/download/@types/estree-0.0.48.tgz#18dc8091b285df90db2f25aa7d906cfc394b7f74"
    integrity sha1-GNyAkbKF35DbLyWqfZBs/DlLf3Q=
  
  "@vitejs/plugin-vue@^1.6.0":
    version "1.6.0"
    resolved "https://registry.nlark.com/@vitejs/plugin-vue/download/@vitejs/plugin-vue-1.6.0.tgz#e5558e20c20e9098cd5bd65b9901fdcd2c354983"
    integrity sha1-5VWOIMIOkJjNW9ZbmQH9zSw1SYM=
  
  "@vue/compiler-core@3.2.6":
    version "3.2.6"
    resolved "https://registry.nlark.com/@vue/compiler-core/download/@vue/compiler-core-3.2.6.tgz#7162bb0670273f04566af0d353009187ab577915"
    integrity sha1-cWK7BnAnPwRWavDTUwCRh6tXeRU=
    dependencies:
      "@babel/parser" "^7.15.0"
      "@babel/types" "^7.15.0"
      "@vue/shared" "3.2.6"
      estree-walker "^2.0.2"
      source-map "^0.6.1"
  
  "@vue/compiler-dom@3.2.6":
    version "3.2.6"
    resolved "https://registry.nlark.com/@vue/compiler-dom/download/@vue/compiler-dom-3.2.6.tgz#3764d7fe1a696e39fb2a3c9d638da0749e369b2d"
    integrity sha1-N2TX/hppbjn7KjydY42gdJ42my0=
    dependencies:
      "@vue/compiler-core" "3.2.6"
      "@vue/shared" "3.2.6"
  
  "@vue/compiler-sfc@^3.0.5":
    version "3.2.6"
    resolved "https://registry.nlark.com/@vue/compiler-sfc/download/@vue/compiler-sfc-3.2.6.tgz?cache=0&sync_timestamp=1629824593182&other_urls=https%3A%2F%2Fregistry.nlark.com%2F%40vue%2Fcompiler-sfc%2Fdownload%2F%40vue%2Fcompiler-sfc-3.2.6.tgz#d6ab7410cff57081ab627b15a1ea51a1072c7cf1"
    integrity sha1-1qt0EM/1cIGrYnsVoepRoQcsfPE=
    dependencies:
      "@babel/parser" "^7.15.0"
      "@babel/types" "^7.15.0"
      "@types/estree" "^0.0.48"
      "@vue/compiler-core" "3.2.6"
      "@vue/compiler-dom" "3.2.6"
      "@vue/compiler-ssr" "3.2.6"
      "@vue/ref-transform" "3.2.6"
      "@vue/shared" "3.2.6"
      consolidate "^0.16.0"
      estree-walker "^2.0.2"
      hash-sum "^2.0.0"
      lru-cache "^5.1.1"
      magic-string "^0.25.7"
      merge-source-map "^1.1.0"
      postcss "^8.1.10"
      postcss-modules "^4.0.0"
      postcss-selector-parser "^6.0.4"
      source-map "^0.6.1"
  
  "@vue/compiler-ssr@3.2.6":
    version "3.2.6"
    resolved "https://registry.nlark.com/@vue/compiler-ssr/download/@vue/compiler-ssr-3.2.6.tgz#cadcf199859fa00739f4275b4c85970e4b0abe7d"
    integrity sha1-ytzxmYWfoAc59CdbTIWXDksKvn0=
    dependencies:
      "@vue/compiler-dom" "3.2.6"
      "@vue/shared" "3.2.6"
  
  "@vue/reactivity@3.2.6":
    version "3.2.6"
    resolved "https://registry.nlark.com/@vue/reactivity/download/@vue/reactivity-3.2.6.tgz#b8993fa6f48545178e588e25a9c9431a1c1b7d50"
    integrity sha1-uJk/pvSFRReOWI4lqclDGhwbfVA=
    dependencies:
      "@vue/shared" "3.2.6"
  
  "@vue/ref-transform@3.2.6":
    version "3.2.6"
    resolved "https://registry.nlark.com/@vue/ref-transform/download/@vue/ref-transform-3.2.6.tgz?cache=0&sync_timestamp=1629824591536&other_urls=https%3A%2F%2Fregistry.nlark.com%2F%40vue%2Fref-transform%2Fdownload%2F%40vue%2Fref-transform-3.2.6.tgz#30b5f1fa77daf9894bc23e6a5a0e3586a4a796b8"
    integrity sha1-MLXx+nfa+YlLwj5qWg41hqSnlrg=
    dependencies:
      "@babel/parser" "^7.15.0"
      "@vue/compiler-core" "3.2.6"
      "@vue/shared" "3.2.6"
      estree-walker "^2.0.2"
      magic-string "^0.25.7"
  
  "@vue/runtime-core@3.2.6":
    version "3.2.6"
    resolved "https://registry.nlark.com/@vue/runtime-core/download/@vue/runtime-core-3.2.6.tgz#376baeef7fe02a62377d46d0d0a8ab9510db1d8e"
    integrity sha1-N2uu73/gKmI3fUbQ0KirlRDbHY4=
    dependencies:
      "@vue/reactivity" "3.2.6"
      "@vue/shared" "3.2.6"
  
  "@vue/runtime-dom@3.2.6":
    version "3.2.6"
    resolved "https://registry.nlark.com/@vue/runtime-dom/download/@vue/runtime-dom-3.2.6.tgz#0f74dbca84d56c222fbfbd53415b260386859a3b"
    integrity sha1-D3TbyoTVbCIvv71TQVsmA4aFmjs=
    dependencies:
      "@vue/runtime-core" "3.2.6"
      "@vue/shared" "3.2.6"
      csstype "^2.6.8"
  
  "@vue/shared@3.2.6":
    version "3.2.6"
    resolved "https://registry.nlark.com/@vue/shared/download/@vue/shared-3.2.6.tgz#2c22bae88fe2b7b59fa68a9c9c4cd60bae2c1794"
    integrity sha1-LCK66I/it7WfpoqcnEzWC64sF5Q=
  
  async-validator@^3.4.0:
    version "3.5.2"
    resolved "https://registry.nlark.com/async-validator/download/async-validator-3.5.2.tgz#68e866a96824e8b2694ff7a831c1a25c44d5e500"
    integrity sha1-aOhmqWgk6LJpT/eoMcGiXETV5QA=
  
  async-validator@~1.8.1:
    version "1.8.5"
    resolved "https://registry.nlark.com/async-validator/download/async-validator-1.8.5.tgz#dc3e08ec1fd0dddb67e60842f02c0cd1cec6d7f0"
    integrity sha1-3D4I7B/Q3dtn5ghC8CwM0c7G1/A=
    dependencies:
      babel-runtime "6.x"
  
  babel-helper-vue-jsx-merge-props@^2.0.0:
    version "2.0.3"
    resolved "https://registry.nlark.com/babel-helper-vue-jsx-merge-props/download/babel-helper-vue-jsx-merge-props-2.0.3.tgz#22aebd3b33902328e513293a8e4992b384f9f1b6"
    integrity sha1-Iq69OzOQIyjlEyk6jkmSs4T58bY=
  
  babel-runtime@6.x:
    version "6.26.0"
    resolved "https://registry.nlark.com/babel-runtime/download/babel-runtime-6.26.0.tgz#965c7058668e82b55d7bfe04ff2337bc8b5647fe"
    integrity sha1-llxwWGaOgrVde/4E/yM3vItWR/4=
    dependencies:
      core-js "^2.4.0"
      regenerator-runtime "^0.11.0"
  
  big.js@^5.2.2:
    version "5.2.2"
    resolved "https://registry.nlark.com/big.js/download/big.js-5.2.2.tgz#65f0af382f578bcdc742bd9c281e9cb2d7768328"
    integrity sha1-ZfCvOC9Xi83HQr2cKB6cstd2gyg=
  
  bluebird@^3.7.2:
    version "3.7.2"
    resolved "https://registry.npm.taobao.org/bluebird/download/bluebird-3.7.2.tgz?cache=0&other_urls=https%3A%2F%2Fregistry.npm.taobao.org%2Fbluebird%2Fdownload%2Fbluebird-3.7.2.tgz#9f229c15be272454ffa973ace0dbee79a1b0c36f"
    integrity sha1-nyKcFb4nJFT/qXOs4NvueaGww28=
  
  colorette@^1.2.2:
    version "1.3.0"
    resolved "https://registry.nlark.com/colorette/download/colorette-1.3.0.tgz#ff45d2f0edb244069d3b772adeb04fed38d0a0af"
    integrity sha1-/0XS8O2yRAadO3cq3rBP7TjQoK8=
  
  consolidate@^0.16.0:
    version "0.16.0"
    resolved "https://registry.nlark.com/consolidate/download/consolidate-0.16.0.tgz#a11864768930f2f19431660a65906668f5fbdc16"
    integrity sha1-oRhkdokw8vGUMWYKZZBmaPX73BY=
    dependencies:
      bluebird "^3.7.2"
  
  core-js@^2.4.0:
    version "2.6.12"
    resolved "https://registry.nlark.com/core-js/download/core-js-2.6.12.tgz#d9333dfa7b065e347cc5682219d6f690859cc2ec"
    integrity sha1-2TM9+nsGXjR8xWgiGdb2kIWcwuw=
  
  cssesc@^3.0.0:
    version "3.0.0"
    resolved "https://registry.npm.taobao.org/cssesc/download/cssesc-3.0.0.tgz#37741919903b868565e1c09ea747445cd18983ee"
    integrity sha1-N3QZGZA7hoVl4cCep0dEXNGJg+4=
  
  csstype@^2.6.8:
    version "2.6.17"
    resolved "https://registry.nlark.com/csstype/download/csstype-2.6.17.tgz#4cf30eb87e1d1a005d8b6510f95292413f6a1c0e"
    integrity sha1-TPMOuH4dGgBdi2UQ+VKSQT9qHA4=
  
  dayjs@1.x:
    version "1.10.6"
    resolved "https://registry.nlark.com/dayjs/download/dayjs-1.10.6.tgz?cache=0&sync_timestamp=1625557417200&other_urls=https%3A%2F%2Fregistry.nlark.com%2Fdayjs%2Fdownload%2Fdayjs-1.10.6.tgz#288b2aa82f2d8418a6c9d4df5898c0737ad02a63"
    integrity sha1-KIsqqC8thBimydTfWJjAc3rQKmM=
  
  deepmerge@^1.2.0:
    version "1.5.2"
    resolved "https://registry.npm.taobao.org/deepmerge/download/deepmerge-1.5.2.tgz#10499d868844cdad4fee0842df8c7f6f0c95a753"
    integrity sha1-EEmdhohEza1P7ghC34x/bwyVp1M=
  
  element-plus@^1.1.0-beta.7:
    version "1.1.0-beta.7"
    resolved "https://registry.nlark.com/element-plus/download/element-plus-1.1.0-beta.7.tgz?cache=0&sync_timestamp=1629987856320&other_urls=https%3A%2F%2Fregistry.nlark.com%2Felement-plus%2Fdownload%2Felement-plus-1.1.0-beta.7.tgz#9a877bc2d72f5c3ab6f78a3c45fa6f458ea87fb0"
    integrity sha1-mod7wtcvXDq294o8RfpvRY6of7A=
    dependencies:
      "@element-plus/icons" "^0.0.11"
      "@popperjs/core" "^2.4.4"
      async-validator "^3.4.0"
      dayjs "1.x"
      lodash "^4.17.20"
      mitt "^2.1.0"
      normalize-wheel "^1.0.1"
      resize-observer-polyfill "^1.5.1"
  
  element-ui@^2.15.5:
    version "2.15.5"
    resolved "https://registry.nlark.com/element-ui/download/element-ui-2.15.5.tgz?cache=0&sync_timestamp=1628057164000&other_urls=https%3A%2F%2Fregistry.nlark.com%2Felement-ui%2Fdownload%2Felement-ui-2.15.5.tgz#dfb376dc5cd60adab21c991bd4fac3e67e5300f4"
    integrity sha1-37N23FzWCtqyHJkb1PrD5n5TAPQ=
    dependencies:
      async-validator "~1.8.1"
      babel-helper-vue-jsx-merge-props "^2.0.0"
      deepmerge "^1.2.0"
      normalize-wheel "^1.0.1"
      resize-observer-polyfill "^1.5.0"
      throttle-debounce "^1.0.1"
  
  emojis-list@^3.0.0:
    version "3.0.0"
    resolved "https://registry.npm.taobao.org/emojis-list/download/emojis-list-3.0.0.tgz#5570662046ad29e2e916e71aae260abdff4f6a78"
    integrity sha1-VXBmIEatKeLpFucariYKvf9Pang=
  
  esbuild@^0.12.17:
    version "0.12.24"
    resolved "https://registry.nlark.com/esbuild/download/esbuild-0.12.24.tgz#21966fad25a80f368ed308101e88102bce0dc68f"
    integrity sha1-IZZvrSWoDzaO0wgQHogQK84Nxo8=
  
  estree-walker@^2.0.2:
    version "2.0.2"
    resolved "https://registry.npm.taobao.org/estree-walker/download/estree-walker-2.0.2.tgz?cache=0&sync_timestamp=1611956983677&other_urls=https%3A%2F%2Fregistry.npm.taobao.org%2Festree-walker%2Fdownload%2Festree-walker-2.0.2.tgz#52f010178c2a4c117a7757cfe942adb7d2da4cac"
    integrity sha1-UvAQF4wqTBF6d1fP6UKtt9LaTKw=
  
  fsevents@~2.3.2:
    version "2.3.2"
    resolved "https://registry.nlark.com/fsevents/download/fsevents-2.3.2.tgz#8a526f78b8fdf4623b709e0b975c52c24c02fd1a"
    integrity sha1-ilJveLj99GI7cJ4Ll1xSwkwC/Ro=
  
  function-bind@^1.1.1:
    version "1.1.1"
    resolved "https://registry.npm.taobao.org/function-bind/download/function-bind-1.1.1.tgz#a56899d3ea3c9bab874bb9773b7c5ede92f4895d"
    integrity sha1-pWiZ0+o8m6uHS7l3O3xe3pL0iV0=
  
  generic-names@^2.0.1:
    version "2.0.1"
    resolved "https://registry.npm.taobao.org/generic-names/download/generic-names-2.0.1.tgz?cache=0&sync_timestamp=1603542269880&other_urls=https%3A%2F%2Fregistry.npm.taobao.org%2Fgeneric-names%2Fdownload%2Fgeneric-names-2.0.1.tgz#f8a378ead2ccaa7a34f0317b05554832ae41b872"
    integrity sha1-+KN46tLMqno08DF7BVVIMq5BuHI=
    dependencies:
      loader-utils "^1.1.0"
  
  has@^1.0.3:
    version "1.0.3"
    resolved "https://registry.nlark.com/has/download/has-1.0.3.tgz#722d7cbfc1f6aa8241f16dd814e011e1f41e8796"
    integrity sha1-ci18v8H2qoJB8W3YFOAR4fQeh5Y=
    dependencies:
      function-bind "^1.1.1"
  
  hash-sum@^2.0.0:
    version "2.0.0"
    resolved "https://registry.npm.taobao.org/hash-sum/download/hash-sum-2.0.0.tgz#81d01bb5de8ea4a214ad5d6ead1b523460b0b45a"
    integrity sha1-gdAbtd6OpKIUrV1urRtSNGCwtFo=
  
  icss-replace-symbols@^1.1.0:
    version "1.1.0"
    resolved "https://registry.npm.taobao.org/icss-replace-symbols/download/icss-replace-symbols-1.1.0.tgz#06ea6f83679a7749e386cfe1fe812ae5db223ded"
    integrity sha1-Bupvg2ead0njhs/h/oEq5dsiPe0=
  
  icss-utils@^5.0.0:
    version "5.1.0"
    resolved "https://registry.nlark.com/icss-utils/download/icss-utils-5.1.0.tgz#c6be6858abd013d768e98366ae47e25d5887b1ae"
    integrity sha1-xr5oWKvQE9do6YNmrkfiXViHsa4=
  
  is-core-module@^2.2.0:
    version "2.6.0"
    resolved "https://registry.nlark.com/is-core-module/download/is-core-module-2.6.0.tgz?cache=0&sync_timestamp=1629224656971&other_urls=https%3A%2F%2Fregistry.nlark.com%2Fis-core-module%2Fdownload%2Fis-core-module-2.6.0.tgz#d7553b2526fe59b92ba3e40c8df757ec8a709e19"
    integrity sha1-11U7JSb+Wbkro+QMjfdX7Ipwnhk=
    dependencies:
      has "^1.0.3"
  
  json5@^1.0.1:
    version "1.0.1"
    resolved "https://registry.nlark.com/json5/download/json5-1.0.1.tgz#779fb0018604fa854eacbf6252180d83543e3dbe"
    integrity sha1-d5+wAYYE+oVOrL9iUhgNg1Q+Pb4=
    dependencies:
      minimist "^1.2.0"
  
  loader-utils@^1.1.0:
    version "1.4.0"
    resolved "https://registry.npm.taobao.org/loader-utils/download/loader-utils-1.4.0.tgz#c579b5e34cb34b1a74edc6c1fb36bfa371d5a613"
    integrity sha1-xXm140yzSxp07cbB+za/o3HVphM=
    dependencies:
      big.js "^5.2.2"
      emojis-list "^3.0.0"
      json5 "^1.0.1"
  
  lodash.camelcase@^4.3.0:
    version "4.3.0"
    resolved "https://registry.npm.taobao.org/lodash.camelcase/download/lodash.camelcase-4.3.0.tgz#b28aa6288a2b9fc651035c7711f65ab6190331a6"
    integrity sha1-soqmKIorn8ZRA1x3EfZathkDMaY=
  
  lodash@^4.17.20:
    version "4.17.21"
    resolved "https://registry.nlark.com/lodash/download/lodash-4.17.21.tgz?cache=0&sync_timestamp=1624543041613&other_urls=https%3A%2F%2Fregistry.nlark.com%2Flodash%2Fdownload%2Flodash-4.17.21.tgz#679591c564c3bffaae8454cf0b3df370c3d6911c"
    integrity sha1-Z5WRxWTDv/quhFTPCz3zcMPWkRw=
  
  lru-cache@^5.1.1:
    version "5.1.1"
    resolved "https://registry.nlark.com/lru-cache/download/lru-cache-5.1.1.tgz#1da27e6710271947695daf6848e847f01d84b920"
    integrity sha1-HaJ+ZxAnGUdpXa9oSOhH8B2EuSA=
    dependencies:
      yallist "^3.0.2"
  
  magic-string@^0.25.7:
    version "0.25.7"
    resolved "https://registry.nlark.com/magic-string/download/magic-string-0.25.7.tgz?cache=0&sync_timestamp=1618847046304&other_urls=https%3A%2F%2Fregistry.nlark.com%2Fmagic-string%2Fdownload%2Fmagic-string-0.25.7.tgz#3f497d6fd34c669c6798dcb821f2ef31f5445051"
    integrity sha1-P0l9b9NMZpxnmNy4IfLvMfVEUFE=
    dependencies:
      sourcemap-codec "^1.4.4"
  
  merge-source-map@^1.1.0:
    version "1.1.0"
    resolved "https://registry.nlark.com/merge-source-map/download/merge-source-map-1.1.0.tgz#2fdde7e6020939f70906a68f2d7ae685e4c8c646"
    integrity sha1-L93n5gIJOfcJBqaPLXrmheTIxkY=
    dependencies:
      source-map "^0.6.1"
  
  minimist@^1.2.0:
    version "1.2.5"
    resolved "https://registry.nlark.com/minimist/download/minimist-1.2.5.tgz#67d66014b66a6a8aaa0c083c5fd58df4e4e97602"
    integrity sha1-Z9ZgFLZqaoqqDAg8X9WN9OTpdgI=
  
  mitt@^2.1.0:
    version "2.1.0"
    resolved "https://registry.nlark.com/mitt/download/mitt-2.1.0.tgz?cache=0&sync_timestamp=1624483449786&other_urls=https%3A%2F%2Fregistry.nlark.com%2Fmitt%2Fdownload%2Fmitt-2.1.0.tgz#f740577c23176c6205b121b2973514eade1b2230"
    integrity sha1-90BXfCMXbGIFsSGylzUU6t4bIjA=
  
  nanoid@^3.1.23:
    version "3.1.25"
    resolved "https://registry.nlark.com/nanoid/download/nanoid-3.1.25.tgz?cache=0&sync_timestamp=1628771965808&other_urls=https%3A%2F%2Fregistry.nlark.com%2Fnanoid%2Fdownload%2Fnanoid-3.1.25.tgz#09ca32747c0e543f0e1814b7d3793477f9c8e152"
    integrity sha1-CcoydHwOVD8OGBS303k0d/nI4VI=
  
  normalize-wheel@^1.0.1:
    version "1.0.1"
    resolved "https://registry.npm.taobao.org/normalize-wheel/download/normalize-wheel-1.0.1.tgz#aec886affdb045070d856447df62ecf86146ec45"
    integrity sha1-rsiGr/2wRQcNhWRH32Ls+GFG7EU=
  
  path-parse@^1.0.6:
    version "1.0.7"
    resolved "https://registry.nlark.com/path-parse/download/path-parse-1.0.7.tgz#fbc114b60ca42b30d9daf5858e4bd68bbedb6735"
    integrity sha1-+8EUtgykKzDZ2vWFjkvWi77bZzU=
  
  postcss-modules-extract-imports@^3.0.0:
    version "3.0.0"
    resolved "https://registry.nlark.com/postcss-modules-extract-imports/download/postcss-modules-extract-imports-3.0.0.tgz#cda1f047c0ae80c97dbe28c3e76a43b88025741d"
    integrity sha1-zaHwR8CugMl9vijD52pDuIAldB0=
  
  postcss-modules-local-by-default@^4.0.0:
    version "4.0.0"
    resolved "https://registry.nlark.com/postcss-modules-local-by-default/download/postcss-modules-local-by-default-4.0.0.tgz#ebbb54fae1598eecfdf691a02b3ff3b390a5a51c"
    integrity sha1-67tU+uFZjuz99pGgKz/zs5ClpRw=
    dependencies:
      icss-utils "^5.0.0"
      postcss-selector-parser "^6.0.2"
      postcss-value-parser "^4.1.0"
  
  postcss-modules-scope@^3.0.0:
    version "3.0.0"
    resolved "https://registry.nlark.com/postcss-modules-scope/download/postcss-modules-scope-3.0.0.tgz#9ef3151456d3bbfa120ca44898dfca6f2fa01f06"
    integrity sha1-nvMVFFbTu/oSDKRImN/Kby+gHwY=
    dependencies:
      postcss-selector-parser "^6.0.4"
  
  postcss-modules-values@^4.0.0:
    version "4.0.0"
    resolved "https://registry.nlark.com/postcss-modules-values/download/postcss-modules-values-4.0.0.tgz#d7c5e7e68c3bb3c9b27cbf48ca0bb3ffb4602c9c"
    integrity sha1-18Xn5ow7s8myfL9Iyguz/7RgLJw=
    dependencies:
      icss-utils "^5.0.0"
  
  postcss-modules@^4.0.0:
    version "4.2.2"
    resolved "https://registry.nlark.com/postcss-modules/download/postcss-modules-4.2.2.tgz?cache=0&sync_timestamp=1627039460598&other_urls=https%3A%2F%2Fregistry.nlark.com%2Fpostcss-modules%2Fdownload%2Fpostcss-modules-4.2.2.tgz#5e7777c5a8964ea176919d90b2e54ef891321ce5"
    integrity sha1-Xnd3xaiWTqF2kZ2QsuVO+JEyHOU=
    dependencies:
      generic-names "^2.0.1"
      icss-replace-symbols "^1.1.0"
      lodash.camelcase "^4.3.0"
      postcss-modules-extract-imports "^3.0.0"
      postcss-modules-local-by-default "^4.0.0"
      postcss-modules-scope "^3.0.0"
      postcss-modules-values "^4.0.0"
      string-hash "^1.1.1"
  
  postcss-selector-parser@^6.0.2, postcss-selector-parser@^6.0.4:
    version "6.0.6"
    resolved "https://registry.nlark.com/postcss-selector-parser/download/postcss-selector-parser-6.0.6.tgz?cache=0&sync_timestamp=1620752939806&other_urls=https%3A%2F%2Fregistry.nlark.com%2Fpostcss-selector-parser%2Fdownload%2Fpostcss-selector-parser-6.0.6.tgz#2c5bba8174ac2f6981ab631a42ab0ee54af332ea"
    integrity sha1-LFu6gXSsL2mBq2MaQqsO5UrzMuo=
    dependencies:
      cssesc "^3.0.0"
      util-deprecate "^1.0.2"
  
  postcss-value-parser@^4.1.0:
    version "4.1.0"
    resolved "https://registry.nlark.com/postcss-value-parser/download/postcss-value-parser-4.1.0.tgz?cache=0&other_urls=https%3A%2F%2Fregistry.nlark.com%2Fpostcss-value-parser%2Fdownload%2Fpostcss-value-parser-4.1.0.tgz#443f6a20ced6481a2bda4fa8532a6e55d789a2cb"
    integrity sha1-RD9qIM7WSBor2k+oUypuVdeJoss=
  
  postcss@^8.1.10, postcss@^8.3.6:
    version "8.3.6"
    resolved "https://registry.nlark.com/postcss/download/postcss-8.3.6.tgz?cache=0&sync_timestamp=1626882933935&other_urls=https%3A%2F%2Fregistry.nlark.com%2Fpostcss%2Fdownload%2Fpostcss-8.3.6.tgz#2730dd76a97969f37f53b9a6096197be311cc4ea"
    integrity sha1-JzDddql5afN/U7mmCWGXvjEcxOo=
    dependencies:
      colorette "^1.2.2"
      nanoid "^3.1.23"
      source-map-js "^0.6.2"
  
  regenerator-runtime@^0.11.0:
    version "0.11.1"
    resolved "https://registry.nlark.com/regenerator-runtime/download/regenerator-runtime-0.11.1.tgz?cache=0&sync_timestamp=1626993001371&other_urls=https%3A%2F%2Fregistry.nlark.com%2Fregenerator-runtime%2Fdownload%2Fregenerator-runtime-0.11.1.tgz#be05ad7f9bf7d22e056f9726cee5017fbf19e2e9"
    integrity sha1-vgWtf5v30i4Fb5cmzuUBf78Z4uk=
  
  resize-observer-polyfill@^1.5.0, resize-observer-polyfill@^1.5.1:
    version "1.5.1"
    resolved "https://registry.nlark.com/resize-observer-polyfill/download/resize-observer-polyfill-1.5.1.tgz#0e9020dd3d21024458d4ebd27e23e40269810464"
    integrity sha1-DpAg3T0hAkRY1OvSfiPkAmmBBGQ=
  
  resolve@^1.20.0:
    version "1.20.0"
    resolved "https://registry.npm.taobao.org/resolve/download/resolve-1.20.0.tgz#629a013fb3f70755d6f0b7935cc1c2c5378b1975"
    integrity sha1-YpoBP7P3B1XW8LeTXMHCxTeLGXU=
    dependencies:
      is-core-module "^2.2.0"
      path-parse "^1.0.6"
  
  rollup@^2.38.5:
    version "2.56.3"
    resolved "https://registry.nlark.com/rollup/download/rollup-2.56.3.tgz#b63edadd9851b0d618a6d0e6af8201955a77aeff"
    integrity sha1-tj7a3ZhRsNYYptDmr4IBlVp3rv8=
    optionalDependencies:
      fsevents "~2.3.2"
  
  source-map-js@^0.6.2:
    version "0.6.2"
    resolved "https://registry.nlark.com/source-map-js/download/source-map-js-0.6.2.tgz#0bb5de631b41cfbda6cfba8bd05a80efdfd2385e"
    integrity sha1-C7XeYxtBz72mz7qL0FqA79/SOF4=
  
  source-map@^0.6.1:
    version "0.6.1"
    resolved "https://registry.nlark.com/source-map/download/source-map-0.6.1.tgz#74722af32e9614e9c287a8d0bbde48b5e2f1a263"
    integrity sha1-dHIq8y6WFOnCh6jQu95IteLxomM=
  
  sourcemap-codec@^1.4.4:
    version "1.4.8"
    resolved "https://registry.nlark.com/sourcemap-codec/download/sourcemap-codec-1.4.8.tgz#ea804bd94857402e6992d05a38ef1ae35a9ab4c4"
    integrity sha1-6oBL2UhXQC5pktBaOO8a41qatMQ=
  
  string-hash@^1.1.1:
    version "1.1.3"
    resolved "https://registry.nlark.com/string-hash/download/string-hash-1.1.3.tgz?cache=0&sync_timestamp=1618847134046&other_urls=https%3A%2F%2Fregistry.nlark.com%2Fstring-hash%2Fdownload%2Fstring-hash-1.1.3.tgz#e8aafc0ac1855b4666929ed7dd1275df5d6c811b"
    integrity sha1-6Kr8CsGFW0Zmkp7X3RJ1311sgRs=
  
  throttle-debounce@^1.0.1:
    version "1.1.0"
    resolved "https://registry.npm.taobao.org/throttle-debounce/download/throttle-debounce-1.1.0.tgz?cache=0&sync_timestamp=1604313832516&other_urls=https%3A%2F%2Fregistry.npm.taobao.org%2Fthrottle-debounce%2Fdownload%2Fthrottle-debounce-1.1.0.tgz#51853da37be68a155cb6e827b3514a3c422e89cd"
    integrity sha1-UYU9o3vmihVctugns1FKPEIuic0=
  
  to-fast-properties@^2.0.0:
    version "2.0.0"
    resolved "https://registry.nlark.com/to-fast-properties/download/to-fast-properties-2.0.0.tgz?cache=0&sync_timestamp=1628418855671&other_urls=https%3A%2F%2Fregistry.nlark.com%2Fto-fast-properties%2Fdownload%2Fto-fast-properties-2.0.0.tgz#dc5e698cbd079265bc73e0377681a4e4e83f616e"
    integrity sha1-3F5pjL0HkmW8c+A3doGk5Og/YW4=
  
  util-deprecate@^1.0.2:
    version "1.0.2"
    resolved "https://registry.nlark.com/util-deprecate/download/util-deprecate-1.0.2.tgz#450d4dc9fa70de732762fbd2d4a28981419a0ccf"
    integrity sha1-RQ1Nyfpw3nMnYvvS1KKJgUGaDM8=
  
  vite@^2.5.1:
    version "2.5.1"
    resolved "https://registry.nlark.com/vite/download/vite-2.5.1.tgz#953c71a034c07b3ae0448d57664ec9c6862f23a8"
    integrity sha1-lTxxoDTAezrgRI1XZk7JxoYvI6g=
    dependencies:
      esbuild "^0.12.17"
      postcss "^8.3.6"
      resolve "^1.20.0"
      rollup "^2.38.5"
    optionalDependencies:
      fsevents "~2.3.2"
  
  vue@^3.2.6:
    version "3.2.6"
    resolved "https://registry.nlark.com/vue/download/vue-3.2.6.tgz#c71445078751f458648fd8fb3a2da975507d03d2"
    integrity sha1-xxRFB4dR9Fhkj9j7Oi2pdVB9A9I=
    dependencies:
      "@vue/compiler-dom" "3.2.6"
      "@vue/runtime-dom" "3.2.6"
      "@vue/shared" "3.2.6"
  
  yallist@^3.0.2:
    version "3.1.1"
    resolved "https://registry.npm.taobao.org/yallist/download/yallist-3.1.1.tgz#dbb7daf9bfd8bac9ab45ebf602b8cbad0d5d08fd"
    integrity sha1-27fa+b/YusmrRev2ArjLrQ1dCP0=
